#-----------------------------------------------------------
# Vivado v2017.2 (64-bit)
# SW Build 1909853 on Thu Jun 15 18:39:09 MDT 2017
# IP Build 1909766 on Thu Jun 15 19:58:00 MDT 2017
# Start of session at: Wed Apr 18 15:48:49 2018
# Process ID: 1720
# Current directory: C:/Users/alvareze/Desktop/l3p4attempt2
# Command line: vivado.exe -gui_launcher_event rodinguilauncherevent11020 C:\Users\alvareze\Desktop\l3p4attempt2\l3p4attempt2.xpr
# Log file: C:/Users/alvareze/Desktop/l3p4attempt2/vivado.log
# Journal file: C:/Users/alvareze/Desktop/l3p4attempt2\vivado.jou
#-----------------------------------------------------------
start_gui
open_project C:/Users/alvareze/Desktop/l3p4attempt2/l3p4attempt2.xpr
INFO: [Project 1-313] Project file moved from 'C:/Users/jawaidt/Desktop/L3P4attempt2/l3p4attempt2/.Xil/Vivado-7508-NIOBIUM/PrjAr/_X_' since last save.
Scanning sources...
Finished scanning sources
INFO: [IP_Flow 19-234] Refreshing IP repositories
INFO: [IP_Flow 19-1704] No user IP repositories specified
INFO: [IP_Flow 19-2313] Loaded Vivado IP repository 'C:/Xilinx/Vivado/2017.2/data/ip'.
update_compile_order -fileset sources_1
launch_simulation
INFO: [SIM-utils-51] Simulation object is 'sim_1'
INFO: [SIM-utils-54] Inspecting design source files for 'fsm_tb' in fileset 'sim_1'...
INFO: [USF-XSim-97] Finding global include files...
INFO: [USF-XSim-98] Fetching design files from 'sim_1'...
INFO: [USF-XSim-2] XSim::Compile design
INFO: [USF-XSim-61] Executing 'COMPILE and ANALYZE' step in 'C:/Users/alvareze/Desktop/l3p4attempt2/l3p4attempt2.sim/sim_1/behav'
"xvhdl -m64 --relax -prj fsm_tb_vhdl.prj"
INFO: [VRFC 10-163] Analyzing VHDL file "C:/Users/alvareze/Desktop/l3p4attempt2/l3p4attempt2.srcs/sources_1/imports/Desktop/fsm.vhd" into library xil_defaultlib
INFO: [VRFC 10-307] analyzing entity fsm
INFO: [VRFC 10-163] Analyzing VHDL file "C:/Users/alvareze/Desktop/l3p4attempt2/l3p4attempt2.srcs/sim_1/imports/Desktop/fsm_tb.vhd" into library xil_defaultlib
INFO: [VRFC 10-307] analyzing entity fsm_tb
INFO: [USF-XSim-69] 'compile' step finished in '1' seconds
INFO: [USF-XSim-3] XSim::Elaborate design
INFO: [USF-XSim-61] Executing 'ELABORATE' step in 'C:/Users/alvareze/Desktop/l3p4attempt2/l3p4attempt2.sim/sim_1/behav'
Vivado Simulator 2017.2
Copyright 1986-1999, 2001-2016 Xilinx, Inc. All Rights Reserved.
Running: C:/Xilinx/Vivado/2017.2/bin/unwrapped/win64.o/xelab.exe -wto 70ea9d634de84047b1034e099425324b --debug typical --relax --mt 2 -L xil_defaultlib -L secureip --snapshot fsm_tb_behav xil_defaultlib.fsm_tb -log elaborate.log 
Using 2 slave threads.
Starting static elaboration
Completed static elaboration
Starting simulation data flow analysis
Completed simulation data flow analysis
Time Resolution for simulation is 1ps
Compiling package std.standard
Compiling package std.textio
Compiling package ieee.std_logic_1164
Compiling package ieee.numeric_std
Compiling package ieee.std_logic_arith
Compiling package ieee.std_logic_unsigned
Compiling architecture beh of entity xil_defaultlib.fsm [fsm_default]
Compiling architecture test of entity xil_defaultlib.fsm_tb
Built simulation snapshot fsm_tb_behav

****** Webtalk v2017.2 (64-bit)
  **** SW Build 1909853 on Thu Jun 15 18:39:09 MDT 2017
  **** IP Build 1909766 on Thu Jun 15 19:58:00 MDT 2017
    ** Copyright 1986-2017 Xilinx, Inc. All Rights Reserved.

source C:/Users/alvareze/Desktop/l3p4attempt2/l3p4attempt2.sim/sim_1/behav/xsim.dir/fsm_tb_behav/webtalk/xsim_webtalk.tcl -notrace
INFO: [Common 17-186] 'C:/Users/alvareze/Desktop/l3p4attempt2/l3p4attempt2.sim/sim_1/behav/xsim.dir/fsm_tb_behav/webtalk/usage_statistics_ext_xsim.xml' has been successfully sent to Xilinx on Wed Apr 18 15:49:23 2018. For additional details about this file, please refer to the WebTalk help file at C:/Xilinx/Vivado/2017.2/doc/webtalk_introduction.html.
INFO: [Common 17-206] Exiting Webtalk at Wed Apr 18 15:49:23 2018...
INFO: [USF-XSim-69] 'elaborate' step finished in '3' seconds
INFO: [USF-XSim-4] XSim::Simulate design
INFO: [USF-XSim-61] Executing 'SIMULATE' step in 'C:/Users/alvareze/Desktop/l3p4attempt2/l3p4attempt2.sim/sim_1/behav'
INFO: [USF-XSim-98] *** Running xsim
   with args "fsm_tb_behav -key {Behavioral:sim_1:Functional:fsm_tb} -tclbatch {fsm_tb.tcl} -log {simulate.log}"
INFO: [USF-XSim-8] Loading simulator feature
Vivado Simulator 2017.2
Time resolution is 1 ps
source fsm_tb.tcl
# set curr_wave [current_wave_config]
# if { [string length $curr_wave] == 0 } {
#   if { [llength [get_objects]] > 0} {
#     add_wave /
#     set_property needs_save false [current_wave_config]
#   } else {
#      send_msg_id Add_Wave-1 WARNING "No top level signals found. Simulator will start without a wave window. If you want to open a wave window go to 'File->New Waveform Configuration' or type 'create_wave_config' in the TCL console."
#   }
# }
# run 1000ns
INFO: [USF-XSim-96] XSim completed. Design snapshot 'fsm_tb_behav' loaded.
INFO: [USF-XSim-97] XSim simulation ran for 1000ns
launch_simulation: Time (s): cpu = 00:00:04 ; elapsed = 00:00:06 . Memory (MB): peak = 869.785 ; gain = 0.000
reset_run synth_1
WARNING: [Vivado 12-1017] Problems encountered:
1. Failed to delete one or more files in run directory C:/Users/alvareze/Desktop/l3p4attempt2/l3p4attempt2.runs/synth_1

launch_runs synth_1 -jobs 4
[Wed Apr 18 15:49:46 2018] Launched synth_1...
Run output will be captured here: C:/Users/alvareze/Desktop/l3p4attempt2/l3p4attempt2.runs/synth_1/runme.log
launch_runs impl_1 -jobs 4
[Wed Apr 18 15:50:07 2018] Launched impl_1...
Run output will be captured here: C:/Users/alvareze/Desktop/l3p4attempt2/l3p4attempt2.runs/impl_1/runme.log
close_sim
INFO: [Simtcl 6-16] Simulation closed
launch_simulation
INFO: [SIM-utils-51] Simulation object is 'sim_1'
INFO: [SIM-utils-54] Inspecting design source files for 'fsm_tb' in fileset 'sim_1'...
INFO: [USF-XSim-97] Finding global include files...
INFO: [USF-XSim-98] Fetching design files from 'sim_1'...
INFO: [USF-XSim-2] XSim::Compile design
INFO: [USF-XSim-61] Executing 'COMPILE and ANALYZE' step in 'C:/Users/alvareze/Desktop/l3p4attempt2/l3p4attempt2.sim/sim_1/behav'
"xvhdl -m64 --relax -prj fsm_tb_vhdl.prj"
INFO: [VRFC 10-163] Analyzing VHDL file "C:/Users/alvareze/Desktop/l3p4attempt2/l3p4attempt2.srcs/sources_1/imports/Desktop/fsm.vhd" into library xil_defaultlib
INFO: [VRFC 10-307] analyzing entity fsm
INFO: [VRFC 10-163] Analyzing VHDL file "C:/Users/alvareze/Desktop/l3p4attempt2/l3p4attempt2.srcs/sim_1/imports/Desktop/fsm_tb.vhd" into library xil_defaultlib
INFO: [VRFC 10-307] analyzing entity fsm_tb
INFO: [USF-XSim-69] 'compile' step finished in '1' seconds
INFO: [USF-XSim-3] XSim::Elaborate design
INFO: [USF-XSim-61] Executing 'ELABORATE' step in 'C:/Users/alvareze/Desktop/l3p4attempt2/l3p4attempt2.sim/sim_1/behav'
Vivado Simulator 2017.2
Copyright 1986-1999, 2001-2016 Xilinx, Inc. All Rights Reserved.
Running: C:/Xilinx/Vivado/2017.2/bin/unwrapped/win64.o/xelab.exe -wto 70ea9d634de84047b1034e099425324b --debug typical --relax --mt 2 -L xil_defaultlib -L secureip --snapshot fsm_tb_behav xil_defaultlib.fsm_tb -log elaborate.log 
Using 2 slave threads.
Starting static elaboration
Completed static elaboration
Starting simulation data flow analysis
Completed simulation data flow analysis
Time Resolution for simulation is 1ps
Compiling package std.standard
Compiling package std.textio
Compiling package ieee.std_logic_1164
Compiling package ieee.numeric_std
Compiling package ieee.std_logic_arith
Compiling package ieee.std_logic_unsigned
Compiling architecture beh of entity xil_defaultlib.fsm [fsm_default]
Compiling architecture test of entity xil_defaultlib.fsm_tb
Built simulation snapshot fsm_tb_behav

****** Webtalk v2017.2 (64-bit)
  **** SW Build 1909853 on Thu Jun 15 18:39:09 MDT 2017
  **** IP Build 1909766 on Thu Jun 15 19:58:00 MDT 2017
    ** Copyright 1986-2017 Xilinx, Inc. All Rights Reserved.

source C:/Users/alvareze/Desktop/l3p4attempt2/l3p4attempt2.sim/sim_1/behav/xsim.dir/fsm_tb_behav/webtalk/xsim_webtalk.tcl -notrace
INFO: [Common 17-186] 'C:/Users/alvareze/Desktop/l3p4attempt2/l3p4attempt2.sim/sim_1/behav/xsim.dir/fsm_tb_behav/webtalk/usage_statistics_ext_xsim.xml' has been successfully sent to Xilinx on Wed Apr 18 15:51:31 2018. For additional details about this file, please refer to the WebTalk help file at C:/Xilinx/Vivado/2017.2/doc/webtalk_introduction.html.
INFO: [Common 17-206] Exiting Webtalk at Wed Apr 18 15:51:31 2018...
INFO: [USF-XSim-69] 'elaborate' step finished in '3' seconds
INFO: [USF-XSim-4] XSim::Simulate design
INFO: [USF-XSim-61] Executing 'SIMULATE' step in 'C:/Users/alvareze/Desktop/l3p4attempt2/l3p4attempt2.sim/sim_1/behav'
INFO: [USF-XSim-98] *** Running xsim
   with args "fsm_tb_behav -key {Behavioral:sim_1:Functional:fsm_tb} -tclbatch {fsm_tb.tcl} -log {simulate.log}"
INFO: [USF-XSim-8] Loading simulator feature
Vivado Simulator 2017.2
Time resolution is 1 ps
source fsm_tb.tcl
# set curr_wave [current_wave_config]
# if { [string length $curr_wave] == 0 } {
#   if { [llength [get_objects]] > 0} {
#     add_wave /
#     set_property needs_save false [current_wave_config]
#   } else {
#      send_msg_id Add_Wave-1 WARNING "No top level signals found. Simulator will start without a wave window. If you want to open a wave window go to 'File->New Waveform Configuration' or type 'create_wave_config' in the TCL console."
#   }
# }
# run 1000ns
INFO: [USF-XSim-96] XSim completed. Design snapshot 'fsm_tb_behav' loaded.
INFO: [USF-XSim-97] XSim simulation ran for 1000ns
launch_simulation: Time (s): cpu = 00:00:02 ; elapsed = 00:00:06 . Memory (MB): peak = 882.891 ; gain = 0.000
