#-----------------------------------------------------------
# Vivado v2017.2 (64-bit)
# SW Build 1909853 on Thu Jun 15 18:39:09 MDT 2017
# IP Build 1909766 on Thu Jun 15 19:58:00 MDT 2017
# Start of session at: Wed Feb 21 14:40:46 2018
# Process ID: 11360
# Current directory: C:/Users/leexu/Desktop/Lab02 Part2
# Command line: vivado.exe -gui_launcher_event rodinguilauncherevent9244 C:\Users\leexu\Desktop\Lab02 Part2\Lab02 Part2.xpr
# Log file: C:/Users/leexu/Desktop/Lab02 Part2/vivado.log
# Journal file: C:/Users/leexu/Desktop/Lab02 Part2\vivado.jou
#-----------------------------------------------------------
start_gui
open_project {C:/Users/leexu/Desktop/Lab02 Part2/Lab02 Part2.xpr}
Scanning sources...
Finished scanning sources
INFO: [IP_Flow 19-234] Refreshing IP repositories
INFO: [IP_Flow 19-1704] No user IP repositories specified
INFO: [IP_Flow 19-2313] Loaded Vivado IP repository 'C:/Xilinx/Vivado/2017.2/data/ip'.
update_compile_order -fileset sources_1
create_project multi_tb C:/Users/leexu/Desktop/multi_tb -part xc7a100tcsg324-1
INFO: [IP_Flow 19-234] Refreshing IP repositories
INFO: [IP_Flow 19-1704] No user IP repositories specified
INFO: [IP_Flow 19-2313] Loaded Vivado IP repository 'C:/Xilinx/Vivado/2017.2/data/ip'.
add_files -norecurse {{C:/Users/leexu/Desktop/Lab02 Part2/Lab02 Part2.srcs/sim_1/new/mult.v} {C:/Users/leexu/Desktop/Lab02 Part2/adder.v} {C:/Users/leexu/Desktop/Lab02 Part2/dffa_tb.v} {C:/Users/leexu/Desktop/Lab02 Part2/dffb.v} {C:/Users/leexu/Desktop/Lab02 Part2/dffa.v} {C:/Users/leexu/Desktop/Lab02 Part2/mux.v}}
WARNING: [filemgmt 56-199] Attempt to get parsing info during refresh. "On-the-fly" syntax checking information may be incorrect. [C:/Users/leexu/Desktop/Lab02 Part2/mux.v:]
WARNING: [filemgmt 56-199] Attempt to get parsing info during refresh. "On-the-fly" syntax checking information may be incorrect. [C:/Users/leexu/Desktop/Lab02 Part2/dffb.v:]
WARNING: [filemgmt 56-199] Attempt to get parsing info during refresh. "On-the-fly" syntax checking information may be incorrect. [C:/Users/leexu/Desktop/Lab02 Part2/Lab02 Part2.srcs/sim_1/new/mult.v:]
WARNING: [filemgmt 56-199] Attempt to get parsing info during refresh. "On-the-fly" syntax checking information may be incorrect. [C:/Users/leexu/Desktop/Lab02 Part2/dffa.v:]
WARNING: [filemgmt 56-199] Attempt to get parsing info during refresh. "On-the-fly" syntax checking information may be incorrect. [C:/Users/leexu/Desktop/Lab02 Part2/Lab02 Part2.srcs/sources_1/new/fsm.v:]
WARNING: [filemgmt 56-199] Attempt to get parsing info during refresh. "On-the-fly" syntax checking information may be incorrect. [C:/Users/leexu/Desktop/Lab02 Part2/adder.v:]
WARNING: [filemgmt 56-199] Attempt to get parsing info during refresh. "On-the-fly" syntax checking information may be incorrect. [C:/Users/leexu/Desktop/Lab02 Part2/dffa_tb.v:]
WARNING: [filemgmt 56-199] Attempt to get parsing info during refresh. "On-the-fly" syntax checking information may be incorrect. [C:/Users/leexu/Desktop/Lab02 Part2/mux.v:]
WARNING: [filemgmt 56-199] Attempt to get parsing info during refresh. "On-the-fly" syntax checking information may be incorrect. [C:/Users/leexu/Desktop/Lab02 Part2/dffb.v:]
WARNING: [filemgmt 56-199] Attempt to get parsing info during refresh. "On-the-fly" syntax checking information may be incorrect. [C:/Users/leexu/Desktop/Lab02 Part2/Lab02 Part2.srcs/sim_1/new/mult.v:]
WARNING: [filemgmt 56-199] Attempt to get parsing info during refresh. "On-the-fly" syntax checking information may be incorrect. [C:/Users/leexu/Desktop/Lab02 Part2/dffa.v:]
WARNING: [filemgmt 56-199] Attempt to get parsing info during refresh. "On-the-fly" syntax checking information may be incorrect. [C:/Users/leexu/Desktop/Lab02 Part2/Lab02 Part2.srcs/sources_1/new/fsm.v:]
WARNING: [filemgmt 56-199] Attempt to get parsing info during refresh. "On-the-fly" syntax checking information may be incorrect. [C:/Users/leexu/Desktop/Lab02 Part2/adder.v:]
WARNING: [filemgmt 56-199] Attempt to get parsing info during refresh. "On-the-fly" syntax checking information may be incorrect. [C:/Users/leexu/Desktop/Lab02 Part2/dffa_tb.v:]
WARNING: [filemgmt 56-199] Attempt to get parsing info during refresh. "On-the-fly" syntax checking information may be incorrect. [C:/Users/leexu/Desktop/Lab02 Part2/mux.v:]
WARNING: [filemgmt 56-199] Attempt to get parsing info during refresh. "On-the-fly" syntax checking information may be incorrect. [C:/Users/leexu/Desktop/Lab02 Part2/dffb.v:]
WARNING: [filemgmt 56-199] Attempt to get parsing info during refresh. "On-the-fly" syntax checking information may be incorrect. [C:/Users/leexu/Desktop/Lab02 Part2/Lab02 Part2.srcs/sim_1/new/mult.v:]
WARNING: [filemgmt 56-199] Attempt to get parsing info during refresh. "On-the-fly" syntax checking information may be incorrect. [C:/Users/leexu/Desktop/Lab02 Part2/dffa.v:]
WARNING: [filemgmt 56-199] Attempt to get parsing info during refresh. "On-the-fly" syntax checking information may be incorrect. [C:/Users/leexu/Desktop/Lab02 Part2/Lab02 Part2.srcs/sources_1/new/fsm.v:]
WARNING: [filemgmt 56-199] Attempt to get parsing info during refresh. "On-the-fly" syntax checking information may be incorrect. [C:/Users/leexu/Desktop/Lab02 Part2/adder.v:]
WARNING: [filemgmt 56-199] Attempt to get parsing info during refresh. "On-the-fly" syntax checking information may be incorrect. [C:/Users/leexu/Desktop/Lab02 Part2/dffa_tb.v:]
WARNING: [filemgmt 56-199] Attempt to get parsing info during refresh. "On-the-fly" syntax checking information may be incorrect. [C:/Users/leexu/Desktop/Lab02 Part2/mux.v:]
WARNING: [filemgmt 56-199] Attempt to get parsing info during refresh. "On-the-fly" syntax checking information may be incorrect. [C:/Users/leexu/Desktop/Lab02 Part2/dffb.v:]
WARNING: [filemgmt 56-199] Attempt to get parsing info during refresh. "On-the-fly" syntax checking information may be incorrect. [C:/Users/leexu/Desktop/Lab02 Part2/Lab02 Part2.srcs/sim_1/new/mult.v:]
WARNING: [filemgmt 56-199] Attempt to get parsing info during refresh. "On-the-fly" syntax checking information may be incorrect. [C:/Users/leexu/Desktop/Lab02 Part2/dffa.v:]
WARNING: [filemgmt 56-199] Attempt to get parsing info during refresh. "On-the-fly" syntax checking information may be incorrect. [C:/Users/leexu/Desktop/Lab02 Part2/Lab02 Part2.srcs/sources_1/new/fsm.v:]
WARNING: [filemgmt 56-199] Attempt to get parsing info during refresh. "On-the-fly" syntax checking information may be incorrect. [C:/Users/leexu/Desktop/Lab02 Part2/adder.v:]
WARNING: [filemgmt 56-199] Attempt to get parsing info during refresh. "On-the-fly" syntax checking information may be incorrect. [C:/Users/leexu/Desktop/Lab02 Part2/dffa_tb.v:]
WARNING: [filemgmt 56-199] Attempt to get parsing info during refresh. "On-the-fly" syntax checking information may be incorrect. [C:/Users/leexu/Desktop/Lab02 Part2/mux.v:]
WARNING: [filemgmt 56-199] Attempt to get parsing info during refresh. "On-the-fly" syntax checking information may be incorrect. [C:/Users/leexu/Desktop/Lab02 Part2/dffb.v:]
WARNING: [filemgmt 56-199] Attempt to get parsing info during refresh. "On-the-fly" syntax checking information may be incorrect. [C:/Users/leexu/Desktop/Lab02 Part2/Lab02 Part2.srcs/sim_1/new/mult.v:]
WARNING: [filemgmt 56-199] Attempt to get parsing info during refresh. "On-the-fly" syntax checking information may be incorrect. [C:/Users/leexu/Desktop/Lab02 Part2/dffa.v:]
WARNING: [filemgmt 56-199] Attempt to get parsing info during refresh. "On-the-fly" syntax checking information may be incorrect. [C:/Users/leexu/Desktop/Lab02 Part2/Lab02 Part2.srcs/sources_1/new/fsm.v:]
WARNING: [filemgmt 56-199] Attempt to get parsing info during refresh. "On-the-fly" syntax checking information may be incorrect. [C:/Users/leexu/Desktop/Lab02 Part2/adder.v:]
WARNING: [filemgmt 56-199] Attempt to get parsing info during refresh. "On-the-fly" syntax checking information may be incorrect. [C:/Users/leexu/Desktop/Lab02 Part2/dffa_tb.v:]
update_compile_order -fileset sources_1
update_compile_order -fileset sources_1
remove_files  {{C:/Users/leexu/Desktop/Lab02 Part2/dffa_tb.v}}
file mkdir C:/Users/leexu/Desktop/multi_tb/multi_tb.srcs/sources_1/new
close [ open C:/Users/leexu/Desktop/multi_tb/multi_tb.srcs/sources_1/new/multi_tb.v w ]
add_files C:/Users/leexu/Desktop/multi_tb/multi_tb.srcs/sources_1/new/multi_tb.v
update_compile_order -fileset sources_1
WARNING: [filemgmt 56-199] Attempt to get parsing info during refresh. "On-the-fly" syntax checking information may be incorrect. [C:/Users/leexu/Desktop/Lab02 Part2/mux.v:]
WARNING: [filemgmt 56-199] Attempt to get parsing info during refresh. "On-the-fly" syntax checking information may be incorrect. [C:/Users/leexu/Desktop/Lab02 Part2/dffb.v:]
WARNING: [filemgmt 56-199] Attempt to get parsing info during refresh. "On-the-fly" syntax checking information may be incorrect. [C:/Users/leexu/Desktop/Lab02 Part2/Lab02 Part2.srcs/sim_1/new/mult.v:]
WARNING: [filemgmt 56-199] Attempt to get parsing info during refresh. "On-the-fly" syntax checking information may be incorrect. [C:/Users/leexu/Desktop/Lab02 Part2/dffa.v:]
WARNING: [filemgmt 56-199] Attempt to get parsing info during refresh. "On-the-fly" syntax checking information may be incorrect. [C:/Users/leexu/Desktop/Lab02 Part2/Lab02 Part2.srcs/sources_1/new/fsm.v:]
WARNING: [filemgmt 56-199] Attempt to get parsing info during refresh. "On-the-fly" syntax checking information may be incorrect. [C:/Users/leexu/Desktop/Lab02 Part2/adder.v:]
WARNING: [filemgmt 56-199] Attempt to get parsing info during refresh. "On-the-fly" syntax checking information may be incorrect. [C:/Users/leexu/Desktop/Lab02 Part2/dffa_tb.v:]
WARNING: [filemgmt 56-199] Attempt to get parsing info during refresh. "On-the-fly" syntax checking information may be incorrect. [C:/Users/leexu/Desktop/Lab02 Part2/mux.v:]
WARNING: [filemgmt 56-199] Attempt to get parsing info during refresh. "On-the-fly" syntax checking information may be incorrect. [C:/Users/leexu/Desktop/Lab02 Part2/dffb.v:]
WARNING: [filemgmt 56-199] Attempt to get parsing info during refresh. "On-the-fly" syntax checking information may be incorrect. [C:/Users/leexu/Desktop/Lab02 Part2/Lab02 Part2.srcs/sim_1/new/mult.v:]
WARNING: [filemgmt 56-199] Attempt to get parsing info during refresh. "On-the-fly" syntax checking information may be incorrect. [C:/Users/leexu/Desktop/Lab02 Part2/dffa.v:]
WARNING: [filemgmt 56-199] Attempt to get parsing info during refresh. "On-the-fly" syntax checking information may be incorrect. [C:/Users/leexu/Desktop/Lab02 Part2/Lab02 Part2.srcs/sources_1/new/fsm.v:]
WARNING: [filemgmt 56-199] Attempt to get parsing info during refresh. "On-the-fly" syntax checking information may be incorrect. [C:/Users/leexu/Desktop/Lab02 Part2/adder.v:]
WARNING: [filemgmt 56-199] Attempt to get parsing info during refresh. "On-the-fly" syntax checking information may be incorrect. [C:/Users/leexu/Desktop/Lab02 Part2/dffa_tb.v:]
launch_runs synth_1 -jobs 4
[Wed Feb 21 16:15:08 2018] Launched synth_1...
Run output will be captured here: C:/Users/leexu/Desktop/multi_tb/multi_tb.runs/synth_1/runme.log
current_project {Lab02 Part2}
current_project multi_tb
update_compile_order -fileset sources_1
reset_run synth_1
launch_runs synth_1 -jobs 4
[Wed Feb 21 16:15:50 2018] Launched synth_1...
Run output will be captured here: C:/Users/leexu/Desktop/multi_tb/multi_tb.runs/synth_1/runme.log
reset_run synth_1
launch_runs synth_1 -jobs 4
[Wed Feb 21 16:17:22 2018] Launched synth_1...
Run output will be captured here: C:/Users/leexu/Desktop/multi_tb/multi_tb.runs/synth_1/runme.log
reset_run synth_1
launch_runs synth_1 -jobs 4
[Wed Feb 21 16:18:50 2018] Launched synth_1...
Run output will be captured here: C:/Users/leexu/Desktop/multi_tb/multi_tb.runs/synth_1/runme.log
reset_run synth_1
launch_runs synth_1 -jobs 4
[Wed Feb 21 16:20:14 2018] Launched synth_1...
Run output will be captured here: C:/Users/leexu/Desktop/multi_tb/multi_tb.runs/synth_1/runme.log
reset_run synth_1
launch_runs synth_1 -jobs 4
CRITICAL WARNING: [HDL 9-806] Syntax error near "output". [C:/Users/leexu/Desktop/Lab02 Part2/Lab02 Part2.srcs/sim_1/new/mult.v:30]
[Wed Feb 21 16:23:10 2018] Launched synth_1...
Run output will be captured here: C:/Users/leexu/Desktop/multi_tb/multi_tb.runs/synth_1/runme.log
reset_run synth_1
launch_runs synth_1 -jobs 4
[Wed Feb 21 16:23:45 2018] Launched synth_1...
Run output will be captured here: C:/Users/leexu/Desktop/multi_tb/multi_tb.runs/synth_1/runme.log
WARNING: [filemgmt 56-199] Attempt to get parsing info during refresh. "On-the-fly" syntax checking information may be incorrect. [C:/Users/leexu/Desktop/Lab02 Part2/mux.v:]
WARNING: [filemgmt 56-199] Attempt to get parsing info during refresh. "On-the-fly" syntax checking information may be incorrect. [C:/Users/leexu/Desktop/Lab02 Part2/dffb.v:]
WARNING: [filemgmt 56-199] Attempt to get parsing info during refresh. "On-the-fly" syntax checking information may be incorrect. [C:/Users/leexu/Desktop/Lab02 Part2/Lab02 Part2.srcs/sim_1/new/mult.v:]
WARNING: [filemgmt 56-199] Attempt to get parsing info during refresh. "On-the-fly" syntax checking information may be incorrect. [C:/Users/leexu/Desktop/Lab02 Part2/dffa.v:]
WARNING: [filemgmt 56-199] Attempt to get parsing info during refresh. "On-the-fly" syntax checking information may be incorrect. [C:/Users/leexu/Desktop/Lab02 Part2/Lab02 Part2.srcs/sources_1/new/fsm.v:]
WARNING: [filemgmt 56-199] Attempt to get parsing info during refresh. "On-the-fly" syntax checking information may be incorrect. [C:/Users/leexu/Desktop/Lab02 Part2/adder.v:]
WARNING: [filemgmt 56-199] Attempt to get parsing info during refresh. "On-the-fly" syntax checking information may be incorrect. [C:/Users/leexu/Desktop/Lab02 Part2/dffa_tb.v:]
reset_run synth_1
launch_runs synth_1 -jobs 4
[Wed Feb 21 16:26:02 2018] Launched synth_1...
Run output will be captured here: C:/Users/leexu/Desktop/multi_tb/multi_tb.runs/synth_1/runme.log
current_project {Lab02 Part2}
save_project_as {LAB2 TB} {C:/Users/leexu/Desktop/LAB2 TB} -force
