#-----------------------------------------------------------
# Vivado v2017.2 (64-bit)
# SW Build 1909853 on Thu Jun 15 18:39:09 MDT 2017
# IP Build 1909766 on Thu Jun 15 19:58:00 MDT 2017
# Start of session at: Wed Feb 28 14:05:19 2018
# Process ID: 15164
# Current directory: C:/Users/leexu/Desktop/Lab02 Part2
# Command line: vivado.exe -gui_launcher_event rodinguilauncherevent8792 C:\Users\leexu\Desktop\Lab02 Part2\Lab02 Part2.xpr
# Log file: C:/Users/leexu/Desktop/Lab02 Part2/vivado.log
# Journal file: C:/Users/leexu/Desktop/Lab02 Part2\vivado.jou
#-----------------------------------------------------------
start_gui
open_project {C:/Users/leexu/Desktop/Lab02 Part2/Lab02 Part2.xpr}
Scanning sources...
Finished scanning sources
INFO: [IP_Flow 19-234] Refreshing IP repositories
INFO: [IP_Flow 19-1704] No user IP repositories specified
INFO: [IP_Flow 19-2313] Loaded Vivado IP repository 'C:/Xilinx/Vivado/2017.2/data/ip'.
update_compile_order -fileset sources_1
exit
INFO: [Common 17-206] Exiting Vivado at Wed Feb 28 17:09:37 2018...
