#-----------------------------------------------------------
# Vivado v2017.4 (64-bit)
# SW Build 2086221 on Fri Dec 15 20:55:39 MST 2017
# IP Build 2085800 on Fri Dec 15 22:25:07 MST 2017
# Start of session at: Fri May 11 12:00:04 2018
# Process ID: 32
# Current directory: C:/Users/daniel/Desktop/Lab02 Part2-20180404T033521Z-001/Lab02 Part2
# Command line: vivado.exe -gui_launcher_event rodinguilauncherevent2196 C:\Users\daniel\Desktop\Lab02 Part2-20180404T033521Z-001\Lab02 Part2\Lab02 Part2.xpr
# Log file: C:/Users/daniel/Desktop/Lab02 Part2-20180404T033521Z-001/Lab02 Part2/vivado.log
# Journal file: C:/Users/daniel/Desktop/Lab02 Part2-20180404T033521Z-001/Lab02 Part2\vivado.jou
#-----------------------------------------------------------
start_gui
open_project {C:/Users/daniel/Desktop/Lab02 Part2-20180404T033521Z-001/Lab02 Part2/Lab02 Part2.xpr}
Scanning sources...
Finished scanning sources
INFO: [IP_Flow 19-234] Refreshing IP repositories
INFO: [IP_Flow 19-1704] No user IP repositories specified
INFO: [IP_Flow 19-2313] Loaded Vivado IP repository 'C:/Xilinx/Vivado/2017.4/data/ip'.
open_project: Time (s): cpu = 00:00:26 ; elapsed = 00:00:11 . Memory (MB): peak = 745.336 ; gain = 57.305
update_compile_order -fileset sources_1
exit
INFO: [Common 17-206] Exiting Vivado at Fri May 11 12:04:18 2018...
