Unable to capture context for thread 18408 in process 17880, can not generate back trace
Unable to capture context for thread 13076 in process 17880, can not generate back trace
Unable to capture context for thread 1484 in process 17880, can not generate back trace
Exception at PC 0x00007FFA0C2ABB93
Printing stacktrace...

[0]  [0x00007FFA0C2ABB93]
[1]  [0x00007FFA0C2ABB93]
[2]  [0x00007FFA0C2AB4A1]
[3]  [0x00007FFA0C2AB3EF]
[4]  [0x00007FFA0C2919FE]
[5]  [0x00007FFA0C290ED1]
[6]  [0x00007FFA0C290D76]
[7]  [0x00007FFA0C2379F6]
[8]  [0x00007FFA0C227AFB]
[9]  [0x00007FFA0C34E90A]
[10]  [0x00007FFA0C369F87]
[11]  [0x00007FFA0C36A05F]
[12] (BaseThreadInitThunk+0x14) [0x00007FFA326E2774]
[13] (RtlUserThreadStart+0x21) [0x00007FFA34000D51]
Done
Exception at PC 0x00007FFA0BFB1A52
Attemped to write at address 0x00007FFA0469ABA4
Printing stacktrace...

[0]  [0x00007FFA0BFB1A52]
[1]  [0x00007FFA0BFB1A52]
[2]  [0x00007FFA0BFB1AD4]
[3]  [0x00007FFA0C0F3FF7]
[4]  [0x00007FFA0BFD9128]
[5]  [0x00007FFA0C28DFB9]
[6]  [0x00007FFA0C45EF23]
[7]  [0x00007FFA0C36B06B]
[8]  [0x00007FFA0C3608AF]
[9]  [0x00007FFA0C360A32]
[10] (RtlDeactivateActivationContextUnsafeFast+0x1af) [0x00007FFA33FB485F]
[11] (LdrShutdownProcess+0x12c) [0x00007FFA33FDD43C]
[12] (RtlExitUserProcess+0xb4) [0x00007FFA33FDD2F4]
[13] (FatalExit+0xa) [0x00007FFA326EC0DA]
[14] (exit+0x75) [0x00007FFA327BA045]
[15] (initterm_e+0x21d) [0x00007FFA327BA68D]
[16]  [0x00000000004014CD]
[17]  [0x000000000040151B]
[18] (BaseThreadInitThunk+0x14) [0x00007FFA326E2774]
[19] (RtlUserThreadStart+0x21) [0x00007FFA34000D51]
Done
