#-----------------------------------------------------------
# Vivado v2017.4 (64-bit)
# SW Build 2086221 on Fri Dec 15 20:55:39 MST 2017
# IP Build 2085800 on Fri Dec 15 22:25:07 MST 2017
# Start of session at: Tue Oct 23 18:53:06 2018
# Process ID: 2828
# Current directory: C:/Users/daniel/Desktop/Project 4 Done
# Command line: vivado.exe -gui_launcher_event rodinguilauncherevent9036 C:\Users\daniel\Desktop\Project 4 Done\Project 4 Done.xpr
# Log file: C:/Users/daniel/Desktop/Project 4 Done/vivado.log
# Journal file: C:/Users/daniel/Desktop/Project 4 Done\vivado.jou
#-----------------------------------------------------------
start_gui
open_project {C:/Users/daniel/Desktop/Project 4 Done/Project 4 Done.xpr}
Scanning sources...
Finished scanning sources
INFO: [IP_Flow 19-234] Refreshing IP repositories
INFO: [IP_Flow 19-1704] No user IP repositories specified
INFO: [IP_Flow 19-2313] Loaded Vivado IP repository 'C:/Xilinx/Vivado/2017.4/data/ip'.
open_project: Time (s): cpu = 00:00:35 ; elapsed = 00:00:37 . Memory (MB): peak = 736.777 ; gain = 69.648
update_compile_order -fileset sources_1
exit
INFO: [Common 17-206] Exiting Vivado at Tue Oct 23 18:56:15 2018...
