Copyright 1986-2017 Xilinx, Inc. All Rights Reserved.
------------------------------------------------------------------------------------
| Tool Version : Vivado v.2017.2 (win64) Build 1909853 Thu Jun 15 18:39:09 MDT 2017
| Date         : Wed Apr 18 15:50:33 2018
| Host         : IRIDIUM running 64-bit major release  (build 9200)
| Command      : report_control_sets -verbose -file fsm_control_sets_placed.rpt
| Design       : fsm
| Device       : xc7a100t
------------------------------------------------------------------------------------

Control Set Information

Table of Contents
-----------------
1. Summary
2. Flip-Flop Distribution
3. Detailed Control Set Information

1. Summary
----------

+----------------------------------------------------------+-------+
|                          Status                          | Count |
+----------------------------------------------------------+-------+
| Number of unique control sets                            |     2 |
| Unused register locations in slices containing registers |    10 |
+----------------------------------------------------------+-------+


2. Flip-Flop Distribution
-------------------------

+--------------+-----------------------+------------------------+-----------------+--------------+
| Clock Enable | Synchronous Set/Reset | Asynchronous Set/Reset | Total Registers | Total Slices |
+--------------+-----------------------+------------------------+-----------------+--------------+
| No           | No                    | No                     |               0 |            0 |
| No           | No                    | Yes                    |               0 |            0 |
| No           | Yes                   | No                     |               0 |            0 |
| Yes          | No                    | No                     |               0 |            0 |
| Yes          | No                    | Yes                    |               6 |            2 |
| Yes          | Yes                   | No                     |               0 |            0 |
+--------------+-----------------------+------------------------+-----------------+--------------+


3. Detailed Control Set Information
-----------------------------------

+----------------+------------------+------------------+------------------+----------------+
|  Clock Signal  |   Enable Signal  | Set/Reset Signal | Slice Load Count | Bel Load Count |
+----------------+------------------+------------------+------------------+----------------+
|  clk_IBUF_BUFG | state[1]_i_1_n_0 | reset_IBUF       |                1 |              2 |
|  clk_IBUF_BUFG | count[3]_i_1_n_0 | reset_IBUF       |                1 |              4 |
+----------------+------------------+------------------+------------------+----------------+


+--------+-----------------------+
| Fanout | Number of ControlSets |
+--------+-----------------------+
| 2      |                     1 |
| 4      |                     1 |
+--------+-----------------------+


